<?xml version="1.0" encoding="UTF-8"?>
<testng-results ignored="0" total="4" passed="4" failed="0" skipped="0">
  <reporter-output>
  </reporter-output>
  <suite started-at="2026-02-13T15:46:33 ICT" name="Default suite" finished-at="2026-02-13T15:46:33 ICT" duration-ms="43">
    <groups>
    </groups>
    <test started-at="2026-02-13T15:46:33 ICT" name="Default test" finished-at="2026-02-13T15:46:33 ICT" duration-ms="43">
      <class name="calculator.CalculatorTest">
        <test-method signature="testAdd()[pri:0, instance:calculator.CalculatorTest@1a451d4d]" started-at="2026-02-13T15:46:33 ICT" name="testAdd" finished-at="2026-02-13T15:46:33 ICT" duration-ms="8" status="PASS">
          <reporter-output>
          </reporter-output>
        </test-method> <!-- testAdd -->
        <test-method signature="testDiv()[pri:0, instance:calculator.CalculatorTest@1a451d4d]" started-at="2026-02-13T15:46:33 ICT" name="testDiv" finished-at="2026-02-13T15:46:33 ICT" duration-ms="1" status="PASS">
          <reporter-output>
          </reporter-output>
        </test-method> <!-- testDiv -->
        <test-method signature="testSub()[pri:0, instance:calculator.CalculatorTest@1a451d4d]" started-at="2026-02-13T15:46:33 ICT" name="testSub" finished-at="2026-02-13T15:46:33 ICT" duration-ms="1" status="PASS">
          <reporter-output>
          </reporter-output>
        </test-method> <!-- testSub -->
        <test-method signature="testMul()[pri:0, instance:calculator.CalculatorTest@1a451d4d]" started-at="2026-02-13T15:46:33 ICT" name="testMul" finished-at="2026-02-13T15:46:33 ICT" duration-ms="0" status="PASS">
          <reporter-output>
          </reporter-output>
        </test-method> <!-- testMul -->
      </class> <!-- calculator.CalculatorTest -->
    </test> <!-- Default test -->
  </suite> <!-- Default suite -->
</testng-results>
