<?xml version="1.0" encoding="UTF-8"?>
<!-- Generated by org.testng.reporters.JUnitReportReporter -->
<testsuite hostname="P" failures="0" tests="4" name="calculator.CalculatorTest" time="0.010" errors="0" timestamp="2026-02-13T15:46:33 ICT" skipped="0">
  <testcase classname="calculator.CalculatorTest" name="testSub" time="0.001"/>
  <testcase classname="calculator.CalculatorTest" name="testAdd" time="0.008"/>
  <testcase classname="calculator.CalculatorTest" name="testDiv" time="0.001"/>
  <testcase classname="calculator.CalculatorTest" name="testMul" time="0.000"/>
</testsuite> <!-- calculator.CalculatorTest -->
